<?xml version="1.0" encoding="UTF-8"?>
<!-- Generated by org.testng.reporters.JUnitReportReporter -->
<testsuite hostname="DESKTOP-N6CF6VT" failures="0" tests="1" name="Testcases.AddToCartTestCases" time="36.141" errors="0" timestamp="2023-01-17T17:54:50 IST" skipped="0">
  <testcase classname="Testcases.AddToCartTestCases" name="AddToCart" time="36.141"/>
  <system-out/>
</testsuite> <!-- Testcases.AddToCartTestCases -->
