<?xml version="1.0" encoding="UTF-8"?>
<!-- Generated by org.testng.reporters.JUnitReportReporter -->
<testsuite hostname="DESKTOP-N6CF6VT" failures="0" tests="1" name="TestcasesOfSaleceforce.MainpageTestcases" time="34.207" errors="0" timestamp="2023-01-09T16:15:32 IST" skipped="0">
  <testcase classname="TestcasesOfSaleceforce.MainpageTestcases" name="mainpage" time="34.207"/>
  <system-out/>
</testsuite> <!-- TestcasesOfSaleceforce.MainpageTestcases -->
