<?xml version="1.0" encoding="UTF-8"?>
<!-- Generated by org.testng.reporters.JUnitReportReporter -->
<testsuite hostname="DESKTOP-N6CF6VT" failures="0" tests="1" name="Testcases.Login_Testcases" time="23.708" errors="0" timestamp="2023-01-17T17:54:50 IST" skipped="0">
  <testcase classname="Testcases.Login_Testcases" name="Login" time="23.708"/>
  <system-out/>
</testsuite> <!-- Testcases.Login_Testcases -->
