<?xml version="1.0" encoding="UTF-8"?>
<!-- Generated by org.testng.reporters.JUnitReportReporter -->
<testsuite hostname="DESKTOP-N6CF6VT" failures="0" tests="1" name="Testcases.Register_page_testcases" time="19.023" errors="0" timestamp="2023-01-17T17:54:50 IST" skipped="0">
  <testcase classname="Testcases.Register_page_testcases" name="resiter_page" time="19.023"/>
  <system-out/>
</testsuite> <!-- Testcases.Register_page_testcases -->
